2015-06-10 22:51:53,128 [Worker-3] INFO  o.e.m.c.i.e.AbstractTransferListenerAdapter - Downloaded http://repo.maven.apache.org/maven2/com/google/appengine/appengine-maven-plugin/${appengine.version}/appengine-maven-plugin-${appengine.version}.pom
2015-06-10 22:51:53,315 [Worker-3] INFO  o.e.m.c.i.l.LifecycleMappingFactory - Using org.maven.ide.eclipse.wtp.WarLifecycleMapping lifecycle mapping for MavenProject: com.fluxplant:Flux_Plant:1.0-SNAPSHOT @ C:\Users\Ammar Husain\Work\BlueStamp\Software\Flux_Plant\pom.xml.
2015-06-10 22:51:53,382 [Worker-3] INFO  o.e.m.c.i.e.AbstractTransferListenerAdapter - Downloaded http://repo.maven.apache.org/maven2/com/google/appengine/appengine-api-1.0-sdk/${appengine.version}/appengine-api-1.0-sdk-${appengine.version}.pom
2015-06-10 22:51:53,419 [Worker-3] INFO  o.e.m.c.i.e.AbstractTransferListenerAdapter - Downloaded http://repo.maven.apache.org/maven2/com/google/appengine/appengine-endpoints/${appengine.version}/appengine-endpoints-${appengine.version}.pom
2015-06-10 22:51:53,652 [Worker-3] INFO  o.e.m.c.i.e.AbstractTransferListenerAdapter - Downloading http://repo.maven.apache.org/maven2/junit/junit/4.12/junit-4.12.pom
2015-06-10 22:51:53,917 [Worker-3] INFO  o.e.m.c.i.e.AbstractTransferListenerAdapter - Downloaded http://repo.maven.apache.org/maven2/junit/junit/4.12/junit-4.12.pom
2015-06-10 22:51:53,999 [Worker-3] INFO  o.e.m.c.i.e.AbstractTransferListenerAdapter - Downloading http://repo.maven.apache.org/maven2/org/mockito/mockito-all/2.0.2-beta/mockito-all-2.0.2-beta.pom
2015-06-10 22:51:54,153 [Worker-3] INFO  o.e.m.c.i.e.AbstractTransferListenerAdapter - Downloaded http://repo.maven.apache.org/maven2/org/mockito/mockito-all/2.0.2-beta/mockito-all-2.0.2-beta.pom
2015-06-10 22:51:54,169 [Worker-3] INFO  o.e.m.c.i.e.AbstractTransferListenerAdapter - Downloaded http://repo.maven.apache.org/maven2/com/google/appengine/appengine-testing/${appengine.version}/appengine-testing-${appengine.version}.pom
2015-06-10 22:51:54,179 [Worker-3] INFO  o.e.m.c.i.e.AbstractTransferListenerAdapter - Downloaded http://repo.maven.apache.org/maven2/com/google/appengine/appengine-api-stubs/${appengine.version}/appengine-api-stubs-${appengine.version}.pom
2015-06-10 22:51:55,537 [Worker-3] INFO  o.e.m.c.i.p.ProjectConfigurationManager - Imported and configured 1 project(s) in 3 sec
2015-06-10 22:51:55,957 [Worker-1] INFO  o.e.m.c.i.l.LifecycleMappingFactory - Using org.maven.ide.eclipse.wtp.WarLifecycleMapping lifecycle mapping for MavenProject: com.fluxplant:Flux_Plant:1.0-SNAPSHOT @ C:\Users\Ammar Husain\Work\BlueStamp\Software\Flux_Plant\pom.xml.
2015-06-10 22:54:58,568 [Worker-5] INFO  o.e.m.c.i.e.AbstractTransferListenerAdapter - Downloading http://repo.maven.apache.org/maven2/com/google/appengine/appengine-maven-plugin/1.9.22/appengine-maven-plugin-1.9.22.pom
2015-06-10 22:54:58,876 [Worker-5] INFO  o.e.m.c.i.e.AbstractTransferListenerAdapter - Downloaded http://repo.maven.apache.org/maven2/com/google/appengine/appengine-maven-plugin/1.9.22/appengine-maven-plugin-1.9.22.pom
2015-06-10 22:54:59,010 [Worker-5] INFO  o.e.m.c.i.e.AbstractTransferListenerAdapter - Downloading http://repo.maven.apache.org/maven2/com/google/appengine/appengine-maven-plugin/1.9.22/appengine-maven-plugin-1.9.22.jar
2015-06-10 22:54:59,547 [Worker-5] INFO  o.e.m.c.i.e.AbstractTransferListenerAdapter - Downloaded http://repo.maven.apache.org/maven2/com/google/appengine/appengine-maven-plugin/1.9.22/appengine-maven-plugin-1.9.22.jar
2015-06-10 22:55:03,755 [Worker-5] INFO  o.e.m.c.i.l.LifecycleMappingFactory - Using org.maven.ide.eclipse.wtp.WarLifecycleMapping lifecycle mapping for MavenProject: com.fluxplant:Flux_Plant:1.0-SNAPSHOT @ C:\Users\Ammar Husain\Work\BlueStamp\Software\Flux_Plant\pom.xml.
2015-06-10 22:55:03,874 [Worker-5] INFO  o.e.m.c.i.e.AbstractTransferListenerAdapter - Downloading http://repo.maven.apache.org/maven2/com/google/appengine/appengine-api-1.0-sdk/1.9.22/appengine-api-1.0-sdk-1.9.22.pom
2015-06-10 22:55:03,990 [Worker-5] INFO  o.e.m.c.i.e.AbstractTransferListenerAdapter - Downloaded http://repo.maven.apache.org/maven2/com/google/appengine/appengine-api-1.0-sdk/1.9.22/appengine-api-1.0-sdk-1.9.22.pom
2015-06-10 22:55:04,058 [Worker-5] INFO  o.e.m.c.i.e.AbstractTransferListenerAdapter - Downloading http://repo.maven.apache.org/maven2/com/google/appengine/appengine/1.9.22/appengine-1.9.22.pom
2015-06-10 22:55:04,158 [Worker-5] INFO  o.e.m.c.i.e.AbstractTransferListenerAdapter - Downloaded http://repo.maven.apache.org/maven2/com/google/appengine/appengine/1.9.22/appengine-1.9.22.pom
2015-06-10 22:55:04,402 [Worker-5] INFO  o.e.m.c.i.e.AbstractTransferListenerAdapter - Downloading http://repo.maven.apache.org/maven2/com/google/appengine/appengine-endpoints/1.9.22/appengine-endpoints-1.9.22.pom
2015-06-10 22:55:04,718 [Worker-5] INFO  o.e.m.c.i.e.AbstractTransferListenerAdapter - Downloaded http://repo.maven.apache.org/maven2/com/google/appengine/appengine-endpoints/1.9.22/appengine-endpoints-1.9.22.pom
2015-06-10 22:55:04,817 [Worker-5] INFO  o.e.m.c.i.e.AbstractTransferListenerAdapter - Downloading http://repo.maven.apache.org/maven2/com/google/appengine/appengine-testing/1.9.22/appengine-testing-1.9.22.pom
2015-06-10 22:55:05,828 [Worker-5] INFO  o.e.m.c.i.e.AbstractTransferListenerAdapter - Downloaded http://repo.maven.apache.org/maven2/com/google/appengine/appengine-testing/1.9.22/appengine-testing-1.9.22.pom
2015-06-10 22:55:05,900 [Worker-5] INFO  o.e.m.c.i.e.AbstractTransferListenerAdapter - Downloading http://repo.maven.apache.org/maven2/com/google/appengine/appengine-api-stubs/1.9.22/appengine-api-stubs-1.9.22.pom
2015-06-10 22:55:06,159 [Worker-5] INFO  o.e.m.c.i.e.AbstractTransferListenerAdapter - Downloaded http://repo.maven.apache.org/maven2/com/google/appengine/appengine-api-stubs/1.9.22/appengine-api-stubs-1.9.22.pom
2015-06-10 22:55:06,405 [Worker-5] INFO  o.e.m.c.i.e.AbstractTransferListenerAdapter - Downloading http://repo.maven.apache.org/maven2/com/google/appengine/appengine-api-1.0-sdk/1.9.22/appengine-api-1.0-sdk-1.9.22.jar
2015-06-10 22:56:47,921 [Worker-5] INFO  o.e.m.c.i.e.AbstractTransferListenerAdapter - Downloaded http://repo.maven.apache.org/maven2/com/google/appengine/appengine-api-1.0-sdk/1.9.22/appengine-api-1.0-sdk-1.9.22.jar
2015-06-10 22:56:48,287 [Worker-5] INFO  o.e.m.c.i.e.AbstractTransferListenerAdapter - Downloading http://repo.maven.apache.org/maven2/com/google/appengine/appengine-endpoints/1.9.22/appengine-endpoints-1.9.22.jar
2015-06-10 22:56:54,250 [Worker-5] INFO  o.e.m.c.i.e.AbstractTransferListenerAdapter - Downloaded http://repo.maven.apache.org/maven2/com/google/appengine/appengine-endpoints/1.9.22/appengine-endpoints-1.9.22.jar
2015-06-10 22:56:54,322 [Worker-5] INFO  o.e.m.c.i.e.AbstractTransferListenerAdapter - Downloading http://repo.maven.apache.org/maven2/junit/junit/4.12/junit-4.12.jar
2015-06-10 22:56:57,041 [Worker-5] INFO  o.e.m.c.i.e.AbstractTransferListenerAdapter - Downloaded http://repo.maven.apache.org/maven2/junit/junit/4.12/junit-4.12.jar
2015-06-10 22:56:57,116 [Worker-5] INFO  o.e.m.c.i.e.AbstractTransferListenerAdapter - Downloading http://repo.maven.apache.org/maven2/org/mockito/mockito-all/2.0.2-beta/mockito-all-2.0.2-beta.jar
2015-06-10 22:57:02,552 [Worker-5] INFO  o.e.m.c.i.e.AbstractTransferListenerAdapter - Downloaded http://repo.maven.apache.org/maven2/org/mockito/mockito-all/2.0.2-beta/mockito-all-2.0.2-beta.jar
2015-06-10 22:57:02,696 [Worker-5] INFO  o.e.m.c.i.e.AbstractTransferListenerAdapter - Downloading http://repo.maven.apache.org/maven2/com/google/appengine/appengine-testing/1.9.22/appengine-testing-1.9.22.jar
2015-06-10 22:57:34,178 [Worker-5] INFO  o.e.m.c.i.e.AbstractTransferListenerAdapter - Downloaded http://repo.maven.apache.org/maven2/com/google/appengine/appengine-testing/1.9.22/appengine-testing-1.9.22.jar
2015-06-10 22:57:34,486 [Worker-5] INFO  o.e.m.c.i.e.AbstractTransferListenerAdapter - Downloading http://repo.maven.apache.org/maven2/com/google/appengine/appengine-api-stubs/1.9.22/appengine-api-stubs-1.9.22.jar
2015-06-10 22:58:03,303 [Worker-5] INFO  o.e.m.c.i.e.AbstractTransferListenerAdapter - Downloaded http://repo.maven.apache.org/maven2/com/google/appengine/appengine-api-stubs/1.9.22/appengine-api-stubs-1.9.22.jar
2015-06-10 22:58:07,720 [Worker-5] INFO  o.e.m.c.i.embedder.EclipseLogger - Using 'UTF-8' encoding to copy filtered resources.
2015-06-10 22:58:07,720 [Worker-5] INFO  o.e.m.c.i.embedder.EclipseLogger - skip non existing resourceDirectory C:\Users\Ammar Husain\Work\BlueStamp\Software\Flux_Plant\src\main\resources
2015-06-10 22:58:07,725 [Worker-5] INFO  o.e.m.c.i.embedder.EclipseLogger - Using 'UTF-8' encoding to copy filtered resources.
2015-06-10 22:58:07,725 [Worker-5] INFO  o.e.m.c.i.embedder.EclipseLogger - skip non existing resourceDirectory C:\Users\Ammar Husain\Work\BlueStamp\Software\Flux_Plant\src\test\resources
2015-06-10 22:58:07,731 [Worker-5] INFO  o.e.m.w.i.f.ResourceFilteringBuildParticipant - Changed resources require a complete clean of filtered resources of Flux_Plant
2015-06-10 22:58:07,733 [Worker-5] INFO  o.e.m.w.i.f.ResourceFilteringBuildParticipant - Executing resource filtering for Flux_Plant
2015-06-10 22:58:07,745 [Worker-5] WARN  o.e.m.c.i.embedder.EclipseLogger - Failed to retrieve plugin descriptor for com.google.appengine:gcloud-maven-plugin:0.9.58.v20150505: Plugin com.google.appengine:gcloud-maven-plugin:0.9.58.v20150505 or one of its dependencies could not be resolved: Cannot access central (http://repo.maven.apache.org/maven2) in offline mode and the artifact com.google.appengine:gcloud-maven-plugin:jar:0.9.58.v20150505 has not been downloaded from it before.
2015-06-10 22:58:07,806 [Worker-5] WARN  o.e.m.c.i.embedder.EclipseLogger - Failed to retrieve plugin descriptor for com.google.appengine:gcloud-maven-plugin:0.9.58.v20150505: Plugin com.google.appengine:gcloud-maven-plugin:0.9.58.v20150505 or one of its dependencies could not be resolved: Cannot access central (http://repo.maven.apache.org/maven2) in offline mode and the artifact com.google.appengine:gcloud-maven-plugin:jar:0.9.58.v20150505 has not been downloaded from it before.
2015-06-10 22:58:07,817 [Worker-5] INFO  o.e.m.c.i.embedder.EclipseLogger - Using 'UTF-8' encoding to copy filtered resources.
2015-06-10 22:58:07,833 [Worker-5] INFO  o.e.m.c.i.embedder.EclipseLogger - Copying 0 resource
2015-06-11 16:48:00,685 [Worker-3] INFO  o.e.m.c.i.l.LifecycleMappingFactory - Using org.maven.ide.eclipse.wtp.WarLifecycleMapping lifecycle mapping for MavenProject: com.fluxplant:Flux_Plant:1.0-SNAPSHOT @ C:\Users\Ammar Husain\Work\BlueStamp\Software\Flux_Plant\pom.xml.
2015-06-11 16:48:03,261 [Worker-3] INFO  o.e.m.c.i.embedder.EclipseLogger - Using 'UTF-8' encoding to copy filtered resources.
2015-06-11 16:48:03,261 [Worker-3] INFO  o.e.m.c.i.embedder.EclipseLogger - skip non existing resourceDirectory C:\Users\Ammar Husain\Work\BlueStamp\Software\Flux_Plant\src\main\resources
2015-06-11 16:48:03,264 [Worker-3] INFO  o.e.m.c.i.embedder.EclipseLogger - Using 'UTF-8' encoding to copy filtered resources.
2015-06-11 16:48:03,265 [Worker-3] INFO  o.e.m.c.i.embedder.EclipseLogger - skip non existing resourceDirectory C:\Users\Ammar Husain\Work\BlueStamp\Software\Flux_Plant\src\test\resources
2015-06-11 16:48:03,363 [Worker-3] INFO  o.e.m.w.i.f.ResourceFilteringBuildParticipant - Executing resource filtering for Flux_Plant
2015-06-11 16:48:03,379 [Worker-3] WARN  o.e.m.c.i.embedder.EclipseLogger - Failed to retrieve plugin descriptor for com.google.appengine:gcloud-maven-plugin:0.9.58.v20150505: Plugin com.google.appengine:gcloud-maven-plugin:0.9.58.v20150505 or one of its dependencies could not be resolved: Cannot access central (http://repo.maven.apache.org/maven2) in offline mode and the artifact com.google.appengine:gcloud-maven-plugin:jar:0.9.58.v20150505 has not been downloaded from it before.
2015-06-11 16:48:03,458 [Worker-3] WARN  o.e.m.c.i.embedder.EclipseLogger - Failed to retrieve plugin descriptor for com.google.appengine:gcloud-maven-plugin:0.9.58.v20150505: Plugin com.google.appengine:gcloud-maven-plugin:0.9.58.v20150505 or one of its dependencies could not be resolved: Cannot access central (http://repo.maven.apache.org/maven2) in offline mode and the artifact com.google.appengine:gcloud-maven-plugin:jar:0.9.58.v20150505 has not been downloaded from it before.
2015-06-11 16:48:03,471 [Worker-3] INFO  o.e.m.c.i.embedder.EclipseLogger - Using 'UTF-8' encoding to copy filtered resources.
2015-06-11 16:48:03,483 [Worker-3] INFO  o.e.m.c.i.embedder.EclipseLogger - Copying 0 resource
2015-06-11 16:48:04,150 [Worker-0] INFO  o.e.m.c.i.l.LifecycleMappingFactory - Using org.maven.ide.eclipse.wtp.WarLifecycleMapping lifecycle mapping for MavenProject: com.fluxplant:Flux_Plant:1.0-SNAPSHOT @ C:\Users\Ammar Husain\Work\BlueStamp\Software\Flux_Plant\pom.xml.
2015-06-11 16:48:05,188 [Worker-2] INFO  o.e.m.c.i.embedder.EclipseLogger - Using 'UTF-8' encoding to copy filtered resources.
2015-06-11 16:48:05,214 [Worker-2] INFO  o.e.m.c.i.embedder.EclipseLogger - skip non existing resourceDirectory C:\Users\Ammar Husain\Work\BlueStamp\Software\Flux_Plant\src\main\resources
2015-06-11 16:48:05,216 [Worker-2] INFO  o.e.m.c.i.embedder.EclipseLogger - Using 'UTF-8' encoding to copy filtered resources.
2015-06-11 16:48:05,216 [Worker-2] INFO  o.e.m.c.i.embedder.EclipseLogger - skip non existing resourceDirectory C:\Users\Ammar Husain\Work\BlueStamp\Software\Flux_Plant\src\test\resources
